
t:  0 train_err:  0.1018 test_err:  0.1634

t:  1 train_err:  0.08879999999999999 test_err:  0.13639999999999997

t:  2 train_err:  0.07840000000000003 test_err:  0.14639999999999997

t:  3 train_err:  0.07379999999999998 test_err:  0.13360000000000005

t:  4 train_err:  0.06779999999999997 test_err:  0.14200000000000002

t:  5 train_err:  0.06640000000000001 test_err:  0.12960000000000005

t:  6 train_err:  0.06020000000000003 test_err:  0.13580000000000003

t:  7 train_err:  0.06320000000000003 test_err:  0.12819999999999998

t:  8 train_err:  0.058599999999999985 test_err:  0.12980000000000003

t:  9 train_err:  0.061799999999999966 test_err:  0.12339999999999995

t:  10 train_err:  0.056599999999999984 test_err:  0.127

t:  11 train_err:  0.05840000000000001 test_err:  0.12219999999999998

t:  12 train_err:  0.05579999999999996 test_err:  0.12639999999999996

t:  13 train_err:  0.05920000000000003 test_err:  0.12219999999999998

t:  14 train_err:  0.05459999999999998 test_err:  0.12619999999999998

t:  15 train_err:  0.05879999999999996 test_err:  0.122

t:  16 train_err:  0.0534 test_err:  0.12460000000000004

t:  17 train_err:  0.05679999999999996 test_err:  0.12119999999999997

t:  18 train_err:  0.052200000000000024 test_err:  0.12239999999999995

t:  19 train_err:  0.056599999999999984 test_err:  0.12160000000000004

t:  20 train_err:  0.052000000000000046 test_err:  0.123

t:  21 train_err:  0.055400000000000005 test_err:  0.12119999999999997

t:  22 train_err:  0.053200000000000025 test_err:  0.12280000000000002

t:  23 train_err:  0.05579999999999996 test_err:  0.12180000000000002

t:  24 train_err:  0.0534 test_err:  0.12280000000000002

t:  25 train_err:  0.05600000000000005 test_err:  0.12160000000000004

t:  26 train_err:  0.054200000000000026 test_err:  0.12380000000000002

t:  27 train_err:  0.056599999999999984 test_err:  0.12060000000000004

t:  28 train_err:  0.05359999999999998 test_err:  0.121

t:  29 train_err:  0.05500000000000005 test_err:  0.11980000000000002

t:  30 train_err:  0.05300000000000005 test_err:  0.12139999999999995

t:  31 train_err:  0.05400000000000005 test_err:  0.119

t:  32 train_err:  0.0524 test_err:  0.12080000000000002

t:  33 train_err:  0.05520000000000003 test_err:  0.11860000000000004

t:  34 train_err:  0.05379999999999996 test_err:  0.12

t:  35 train_err:  0.05579999999999996 test_err:  0.11780000000000002

t:  36 train_err:  0.05300000000000005 test_err:  0.11939999999999995

t:  37 train_err:  0.05520000000000003 test_err:  0.11760000000000004

t:  38 train_err:  0.052000000000000046 test_err:  0.11860000000000004

t:  39 train_err:  0.054400000000000004 test_err:  0.11860000000000004

t:  40 train_err:  0.0514 test_err:  0.11819999999999997

t:  41 train_err:  0.0534 test_err:  0.11739999999999995

t:  42 train_err:  0.0514 test_err:  0.11739999999999995

t:  43 train_err:  0.05379999999999996 test_err:  0.11780000000000002

t:  44 train_err:  0.052200000000000024 test_err:  0.11819999999999997

t:  45 train_err:  0.05520000000000003 test_err:  0.11780000000000002

t:  46 train_err:  0.05279999999999996 test_err:  0.11780000000000002

t:  47 train_err:  0.05520000000000003 test_err:  0.11660000000000004

t:  48 train_err:  0.052200000000000024 test_err:  0.11660000000000004

t:  49 train_err:  0.054400000000000004 test_err:  0.11660000000000004

t:  50 train_err:  0.05279999999999996 test_err:  0.11699999999999999

t:  51 train_err:  0.05520000000000003 test_err:  0.11560000000000004

t:  52 train_err:  0.05300000000000005 test_err:  0.11580000000000001

t:  53 train_err:  0.05459999999999998 test_err:  0.11580000000000001

t:  54 train_err:  0.0534 test_err:  0.11539999999999995

t:  55 train_err:  0.05559999999999998 test_err:  0.11519999999999997

t:  56 train_err:  0.05359999999999998 test_err:  0.11539999999999995

t:  57 train_err:  0.05520000000000003 test_err:  0.11599999999999999

t:  58 train_err:  0.05400000000000005 test_err:  0.11519999999999997

t:  59 train_err:  0.05520000000000003 test_err:  0.11599999999999999

t:  60 train_err:  0.05300000000000005 test_err:  0.11499999999999999

t:  61 train_err:  0.05459999999999998 test_err:  0.11499999999999999

t:  62 train_err:  0.05300000000000005 test_err:  0.11580000000000001

t:  63 train_err:  0.05559999999999998 test_err:  0.11480000000000001

t:  64 train_err:  0.0534 test_err:  0.11539999999999995

t:  65 train_err:  0.054400000000000004 test_err:  0.11519999999999997

t:  66 train_err:  0.05379999999999996 test_err:  0.11560000000000004

t:  67 train_err:  0.055400000000000005 test_err:  0.11439999999999995

t:  68 train_err:  0.05400000000000005 test_err:  0.11580000000000001

t:  69 train_err:  0.05579999999999996 test_err:  0.11419999999999997

t:  70 train_err:  0.05520000000000003 test_err:  0.11580000000000001

t:  71 train_err:  0.055400000000000005 test_err:  0.11499999999999999

t:  72 train_err:  0.05479999999999996 test_err:  0.11580000000000001

t:  73 train_err:  0.05600000000000005 test_err:  0.11460000000000004

t:  74 train_err:  0.05479999999999996 test_err:  0.11480000000000001

t:  75 train_err:  0.055400000000000005 test_err:  0.11339999999999995

t:  76 train_err:  0.054400000000000004 test_err:  0.11339999999999995

t:  77 train_err:  0.05559999999999998 test_err:  0.11299999999999999

t:  78 train_err:  0.05459999999999998 test_err:  0.11299999999999999

t:  79 train_err:  0.055400000000000005 test_err:  0.11339999999999995

t:  80 train_err:  0.05459999999999998 test_err:  0.11460000000000004

t:  81 train_err:  0.05479999999999996 test_err:  0.11480000000000001

t:  82 train_err:  0.05459999999999998 test_err:  0.11519999999999997

t:  83 train_err:  0.05520000000000003 test_err:  0.11419999999999997

t:  84 train_err:  0.05479999999999996 test_err:  0.11499999999999999

t:  85 train_err:  0.05459999999999998 test_err:  0.11460000000000004

t:  86 train_err:  0.05379999999999996 test_err:  0.11460000000000004

t:  87 train_err:  0.05479999999999996 test_err:  0.11480000000000001

t:  88 train_err:  0.054400000000000004 test_err:  0.11519999999999997

t:  89 train_err:  0.05559999999999998 test_err:  0.11480000000000001

t:  90 train_err:  0.05479999999999996 test_err:  0.11480000000000001

t:  91 train_err:  0.05520000000000003 test_err:  0.11519999999999997

t:  92 train_err:  0.05459999999999998 test_err:  0.11539999999999995

t:  93 train_err:  0.05579999999999996 test_err:  0.11380000000000001

t:  94 train_err:  0.05500000000000005 test_err:  0.11480000000000001

t:  95 train_err:  0.05479999999999996 test_err:  0.11419999999999997

t:  96 train_err:  0.054400000000000004 test_err:  0.11439999999999995

t:  97 train_err:  0.055400000000000005 test_err:  0.11360000000000003

t:  98 train_err:  0.054200000000000026 test_err:  0.11399999999999999

t:  99 train_err:  0.05620000000000003 test_err:  0.11439999999999995

t:  100 train_err:  0.05559999999999998 test_err:  0.11519999999999997

t:  101 train_err:  0.05559999999999998 test_err:  0.11460000000000004

t:  102 train_err:  0.05459999999999998 test_err:  0.11460000000000004

t:  103 train_err:  0.05520000000000003 test_err:  0.11380000000000001

t:  104 train_err:  0.054400000000000004 test_err:  0.11439999999999995

t:  105 train_err:  0.05500000000000005 test_err:  0.11339999999999995

t:  106 train_err:  0.054400000000000004 test_err:  0.11399999999999999

t:  107 train_err:  0.05559999999999998 test_err:  0.11399999999999999

t:  108 train_err:  0.054400000000000004 test_err:  0.11419999999999997

t:  109 train_err:  0.054200000000000026 test_err:  0.11380000000000001

t:  110 train_err:  0.05479999999999996 test_err:  0.11380000000000001

t:  111 train_err:  0.05559999999999998 test_err:  0.11360000000000003

t:  112 train_err:  0.05400000000000005 test_err:  0.11419999999999997

t:  113 train_err:  0.05500000000000005 test_err:  0.11299999999999999

t:  114 train_err:  0.05400000000000005 test_err:  0.11380000000000001

t:  115 train_err:  0.055400000000000005 test_err:  0.11280000000000001

t:  116 train_err:  0.054200000000000026 test_err:  0.11299999999999999

t:  117 train_err:  0.05479999999999996 test_err:  0.11380000000000001

t:  118 train_err:  0.0534 test_err:  0.11399999999999999

t:  119 train_err:  0.054200000000000026 test_err:  0.11339999999999995

t:  120 train_err:  0.0534 test_err:  0.11319999999999997

t:  121 train_err:  0.05459999999999998 test_err:  0.11360000000000003

t:  122 train_err:  0.05379999999999996 test_err:  0.11439999999999995

t:  123 train_err:  0.05500000000000005 test_err:  0.11319999999999997

t:  124 train_err:  0.05359999999999998 test_err:  0.11380000000000001

t:  125 train_err:  0.05520000000000003 test_err:  0.11360000000000003

t:  126 train_err:  0.054200000000000026 test_err:  0.11319999999999997

t:  127 train_err:  0.05520000000000003 test_err:  0.11280000000000001

t:  128 train_err:  0.054200000000000026 test_err:  0.11240000000000006

t:  129 train_err:  0.05479999999999996 test_err:  0.11219999999999997

t:  130 train_err:  0.054400000000000004 test_err:  0.11280000000000001

t:  131 train_err:  0.055400000000000005 test_err:  0.11339999999999995

t:  132 train_err:  0.05459999999999998 test_err:  0.11319999999999997

t:  133 train_err:  0.055400000000000005 test_err:  0.11339999999999995

t:  134 train_err:  0.05459999999999998 test_err:  0.11380000000000001

t:  135 train_err:  0.05579999999999996 test_err:  0.11339999999999995

t:  136 train_err:  0.05479999999999996 test_err:  0.11360000000000003

t:  137 train_err:  0.05520000000000003 test_err:  0.11360000000000003

t:  138 train_err:  0.054400000000000004 test_err:  0.11419999999999997

t:  139 train_err:  0.055400000000000005 test_err:  0.11399999999999999

t:  140 train_err:  0.05479999999999996 test_err:  0.11419999999999997

t:  141 train_err:  0.05559999999999998 test_err:  0.11319999999999997

t:  142 train_err:  0.05559999999999998 test_err:  0.11399999999999999

t:  143 train_err:  0.055400000000000005 test_err:  0.11299999999999999

t:  144 train_err:  0.05479999999999996 test_err:  0.11380000000000001

t:  145 train_err:  0.05559999999999998 test_err:  0.11360000000000003

t:  146 train_err:  0.054400000000000004 test_err:  0.11360000000000003

t:  147 train_err:  0.05479999999999996 test_err:  0.11339999999999995

t:  148 train_err:  0.05479999999999996 test_err:  0.11339999999999995

t:  149 train_err:  0.05459999999999998 test_err:  0.11280000000000001

t:  150 train_err:  0.054200000000000026 test_err:  0.11280000000000001

t:  151 train_err:  0.05479999999999996 test_err:  0.11280000000000001

t:  152 train_err:  0.054400000000000004 test_err:  0.11240000000000006

t:  153 train_err:  0.05459999999999998 test_err:  0.11280000000000001

t:  154 train_err:  0.05459999999999998 test_err:  0.11260000000000003

t:  155 train_err:  0.05520000000000003 test_err:  0.11260000000000003

t:  156 train_err:  0.05400000000000005 test_err:  0.11380000000000001

t:  157 train_err:  0.05459999999999998 test_err:  0.11260000000000003

t:  158 train_err:  0.05359999999999998 test_err:  0.11319999999999997

t:  159 train_err:  0.05479999999999996 test_err:  0.11319999999999997

t:  160 train_err:  0.05379999999999996 test_err:  0.11319999999999997

t:  161 train_err:  0.05479999999999996 test_err:  0.11299999999999999

t:  162 train_err:  0.054400000000000004 test_err:  0.11280000000000001

t:  163 train_err:  0.05459999999999998 test_err:  0.11199999999999999

t:  164 train_err:  0.05359999999999998 test_err:  0.11219999999999997

t:  165 train_err:  0.05400000000000005 test_err:  0.11180000000000001

t:  166 train_err:  0.0534 test_err:  0.11240000000000006

t:  167 train_err:  0.05459999999999998 test_err:  0.11199999999999999

t:  168 train_err:  0.0534 test_err:  0.11339999999999995

t:  169 train_err:  0.05459999999999998 test_err:  0.11260000000000003

t:  170 train_err:  0.05359999999999998 test_err:  0.11299999999999999

t:  171 train_err:  0.054400000000000004 test_err:  0.11240000000000006

t:  172 train_err:  0.05400000000000005 test_err:  0.11280000000000001

t:  173 train_err:  0.05520000000000003 test_err:  0.11180000000000001

t:  174 train_err:  0.05459999999999998 test_err:  0.11260000000000003

t:  175 train_err:  0.05520000000000003 test_err:  0.11199999999999999

t:  176 train_err:  0.05459999999999998 test_err:  0.11260000000000003

t:  177 train_err:  0.05500000000000005 test_err:  0.11199999999999999

t:  178 train_err:  0.05479999999999996 test_err:  0.11260000000000003

t:  179 train_err:  0.055400000000000005 test_err:  0.11280000000000001

t:  180 train_err:  0.05479999999999996 test_err:  0.11219999999999997

t:  181 train_err:  0.05520000000000003 test_err:  0.11199999999999999

t:  182 train_err:  0.05500000000000005 test_err:  0.11219999999999997

t:  183 train_err:  0.05620000000000003 test_err:  0.11180000000000001

t:  184 train_err:  0.055400000000000005 test_err:  0.11199999999999999

t:  185 train_err:  0.05579999999999996 test_err:  0.11199999999999999

t:  186 train_err:  0.05520000000000003 test_err:  0.11219999999999997

t:  187 train_err:  0.05600000000000005 test_err:  0.11219999999999997

t:  188 train_err:  0.054400000000000004 test_err:  0.11280000000000001

t:  189 train_err:  0.05579999999999996 test_err:  0.11280000000000001

t:  190 train_err:  0.05520000000000003 test_err:  0.11240000000000006

t:  191 train_err:  0.05559999999999998 test_err:  0.11280000000000001

t:  192 train_err:  0.05520000000000003 test_err:  0.11280000000000001

t:  193 train_err:  0.05559999999999998 test_err:  0.11260000000000003

t:  194 train_err:  0.05520000000000003 test_err:  0.11260000000000003

t:  195 train_err:  0.05559999999999998 test_err:  0.11319999999999997

t:  196 train_err:  0.05479999999999996 test_err:  0.11319999999999997

t:  197 train_err:  0.055400000000000005 test_err:  0.11319999999999997

t:  198 train_err:  0.05479999999999996 test_err:  0.11280000000000001

t:  199 train_err:  0.05559999999999998 test_err:  0.11280000000000001

t:  200 train_err:  0.054200000000000026 test_err:  0.11260000000000003

t:  201 train_err:  0.05479999999999996 test_err:  0.11260000000000003

t:  202 train_err:  0.054200000000000026 test_err:  0.11260000000000003

t:  203 train_err:  0.05520000000000003 test_err:  0.11260000000000003

t:  204 train_err:  0.054400000000000004 test_err:  0.11260000000000003

t:  205 train_err:  0.055400000000000005 test_err:  0.11339999999999995

t:  206 train_err:  0.054400000000000004 test_err:  0.11280000000000001

t:  207 train_err:  0.05500000000000005 test_err:  0.11339999999999995

t:  208 train_err:  0.054200000000000026 test_err:  0.11319999999999997

t:  209 train_err:  0.055400000000000005 test_err:  0.11319999999999997

t:  210 train_err:  0.054200000000000026 test_err:  0.11260000000000003

t:  211 train_err:  0.05479999999999996 test_err:  0.11319999999999997

t:  212 train_err:  0.05459999999999998 test_err:  0.11280000000000001

t:  213 train_err:  0.054400000000000004 test_err:  0.11240000000000006

t:  214 train_err:  0.054400000000000004 test_err:  0.11260000000000003

t:  215 train_err:  0.05500000000000005 test_err:  0.11280000000000001

t:  216 train_err:  0.054400000000000004 test_err:  0.11339999999999995

t:  217 train_err:  0.055400000000000005 test_err:  0.11299999999999999

t:  218 train_err:  0.054200000000000026 test_err:  0.11360000000000003

t:  219 train_err:  0.055400000000000005 test_err:  0.11280000000000001

t:  220 train_err:  0.0534 test_err:  0.11339999999999995

t:  221 train_err:  0.05620000000000003 test_err:  0.11360000000000003

t:  222 train_err:  0.05459999999999998 test_err:  0.11360000000000003

t:  223 train_err:  0.05579999999999996 test_err:  0.11299999999999999

t:  224 train_err:  0.05459999999999998 test_err:  0.11319999999999997

t:  225 train_err:  0.05520000000000003 test_err:  0.11319999999999997

t:  226 train_err:  0.05479999999999996 test_err:  0.11339999999999995

t:  227 train_err:  0.05520000000000003 test_err:  0.11360000000000003

t:  228 train_err:  0.054400000000000004 test_err:  0.11360000000000003

t:  229 train_err:  0.05500000000000005 test_err:  0.11319999999999997

t:  230 train_err:  0.054200000000000026 test_err:  0.11339999999999995

t:  231 train_err:  0.05500000000000005 test_err:  0.11360000000000003

t:  232 train_err:  0.054400000000000004 test_err:  0.11419999999999997

t:  233 train_err:  0.05479999999999996 test_err:  0.11280000000000001

t:  234 train_err:  0.05400000000000005 test_err:  0.11380000000000001

t:  235 train_err:  0.054200000000000026 test_err:  0.11339999999999995

t:  236 train_err:  0.05359999999999998 test_err:  0.11399999999999999

t:  237 train_err:  0.05379999999999996 test_err:  0.11380000000000001

t:  238 train_err:  0.05359999999999998 test_err:  0.11399999999999999

t:  239 train_err:  0.054200000000000026 test_err:  0.11339999999999995

t:  240 train_err:  0.05359999999999998 test_err:  0.11339999999999995

t:  241 train_err:  0.05359999999999998 test_err:  0.11299999999999999

t:  242 train_err:  0.05359999999999998 test_err:  0.11319999999999997

t:  243 train_err:  0.05400000000000005 test_err:  0.11339999999999995

t:  244 train_err:  0.05379999999999996 test_err:  0.11360000000000003

t:  245 train_err:  0.05379999999999996 test_err:  0.11339999999999995

t:  246 train_err:  0.05359999999999998 test_err:  0.11319999999999997

t:  247 train_err:  0.05400000000000005 test_err:  0.11339999999999995

t:  248 train_err:  0.05359999999999998 test_err:  0.11339999999999995

t:  249 train_err:  0.054200000000000026 test_err:  0.11360000000000003

t:  250 train_err:  0.05400000000000005 test_err:  0.11380000000000001

t:  251 train_err:  0.054200000000000026 test_err:  0.11319999999999997

t:  252 train_err:  0.05400000000000005 test_err:  0.11299999999999999

t:  253 train_err:  0.054200000000000026 test_err:  0.11299999999999999

t:  254 train_err:  0.05379999999999996 test_err:  0.11319999999999997

t:  255 train_err:  0.05379999999999996 test_err:  0.11319999999999997

t:  256 train_err:  0.05359999999999998 test_err:  0.11299999999999999

t:  257 train_err:  0.05359999999999998 test_err:  0.11280000000000001

t:  258 train_err:  0.0534 test_err:  0.11280000000000001

t:  259 train_err:  0.05379999999999996 test_err:  0.11299999999999999

t:  260 train_err:  0.0534 test_err:  0.11319999999999997

t:  261 train_err:  0.053200000000000025 test_err:  0.11240000000000006

t:  262 train_err:  0.053200000000000025 test_err:  0.11280000000000001

t:  263 train_err:  0.05359999999999998 test_err:  0.11280000000000001

t:  264 train_err:  0.05379999999999996 test_err:  0.11280000000000001

t:  265 train_err:  0.05400000000000005 test_err:  0.11280000000000001

t:  266 train_err:  0.05300000000000005 test_err:  0.11339999999999995

t:  267 train_err:  0.05400000000000005 test_err:  0.11319999999999997

t:  268 train_err:  0.05359999999999998 test_err:  0.11339999999999995

t:  269 train_err:  0.05379999999999996 test_err:  0.11339999999999995

t:  270 train_err:  0.05379999999999996 test_err:  0.11360000000000003

t:  271 train_err:  0.05400000000000005 test_err:  0.11319999999999997

t:  272 train_err:  0.05379999999999996 test_err:  0.11339999999999995

t:  273 train_err:  0.05400000000000005 test_err:  0.11360000000000003

t:  274 train_err:  0.05379999999999996 test_err:  0.11360000000000003

t:  275 train_err:  0.05379999999999996 test_err:  0.11339999999999995

t:  276 train_err:  0.0534 test_err:  0.11380000000000001

t:  277 train_err:  0.05400000000000005 test_err:  0.11339999999999995

t:  278 train_err:  0.05359999999999998 test_err:  0.11360000000000003

t:  279 train_err:  0.05400000000000005 test_err:  0.11360000000000003

t:  280 train_err:  0.05359999999999998 test_err:  0.11399999999999999

t:  281 train_err:  0.05379999999999996 test_err:  0.11380000000000001

t:  282 train_err:  0.0534 test_err:  0.11399999999999999

t:  283 train_err:  0.05400000000000005 test_err:  0.11319999999999997

t:  284 train_err:  0.05359999999999998 test_err:  0.11380000000000001

t:  285 train_err:  0.05400000000000005 test_err:  0.11380000000000001

t:  286 train_err:  0.05379999999999996 test_err:  0.11380000000000001

t:  287 train_err:  0.05379999999999996 test_err:  0.11399999999999999

t:  288 train_err:  0.0534 test_err:  0.11419999999999997

t:  289 train_err:  0.05400000000000005 test_err:  0.11360000000000003

t:  290 train_err:  0.05359999999999998 test_err:  0.11360000000000003

t:  291 train_err:  0.05359999999999998 test_err:  0.11339999999999995

t:  292 train_err:  0.053200000000000025 test_err:  0.11360000000000003

t:  293 train_err:  0.053200000000000025 test_err:  0.11380000000000001

t:  294 train_err:  0.053200000000000025 test_err:  0.11399999999999999

t:  295 train_err:  0.0534 test_err:  0.11339999999999995

t:  296 train_err:  0.053200000000000025 test_err:  0.11399999999999999

t:  297 train_err:  0.05359999999999998 test_err:  0.11339999999999995

t:  298 train_err:  0.0534 test_err:  0.11319999999999997

t:  299 train_err:  0.05359999999999998 test_err:  0.11240000000000006

t:  300 train_err:  0.053200000000000025 test_err:  0.11280000000000001

t:  301 train_err:  0.054200000000000026 test_err:  0.11219999999999997

t:  302 train_err:  0.05359999999999998 test_err:  0.11299999999999999

t:  303 train_err:  0.054400000000000004 test_err:  0.11240000000000006

t:  304 train_err:  0.05359999999999998 test_err:  0.11280000000000001

t:  305 train_err:  0.054400000000000004 test_err:  0.11199999999999999

t:  306 train_err:  0.05379999999999996 test_err:  0.11240000000000006

t:  307 train_err:  0.05459999999999998 test_err:  0.11219999999999997

t:  308 train_err:  0.05379999999999996 test_err:  0.11219999999999997

t:  309 train_err:  0.054200000000000026 test_err:  0.11219999999999997

t:  310 train_err:  0.0534 test_err:  0.11280000000000001

t:  311 train_err:  0.05379999999999996 test_err:  0.11299999999999999

t:  312 train_err:  0.05379999999999996 test_err:  0.11299999999999999

t:  313 train_err:  0.05400000000000005 test_err:  0.11280000000000001

t:  314 train_err:  0.0534 test_err:  0.11280000000000001

t:  315 train_err:  0.05379999999999996 test_err:  0.11280000000000001

t:  316 train_err:  0.0534 test_err:  0.11299999999999999

t:  317 train_err:  0.05359999999999998 test_err:  0.11299999999999999

t:  318 train_err:  0.053200000000000025 test_err:  0.11319999999999997

t:  319 train_err:  0.053200000000000025 test_err:  0.11360000000000003

t:  320 train_err:  0.053200000000000025 test_err:  0.11339999999999995

t:  321 train_err:  0.053200000000000025 test_err:  0.11339999999999995

t:  322 train_err:  0.05300000000000005 test_err:  0.11360000000000003

t:  323 train_err:  0.053200000000000025 test_err:  0.11319999999999997

t:  324 train_err:  0.05279999999999996 test_err:  0.11339999999999995

t:  325 train_err:  0.05300000000000005 test_err:  0.11339999999999995

t:  326 train_err:  0.05300000000000005 test_err:  0.11360000000000003

t:  327 train_err:  0.05400000000000005 test_err:  0.11339999999999995

t:  328 train_err:  0.05379999999999996 test_err:  0.11319999999999997

t:  329 train_err:  0.05400000000000005 test_err:  0.11360000000000003

t:  330 train_err:  0.05400000000000005 test_err:  0.11360000000000003

t:  331 train_err:  0.054200000000000026 test_err:  0.11319999999999997

t:  332 train_err:  0.05379999999999996 test_err:  0.11339999999999995

t:  333 train_err:  0.05379999999999996 test_err:  0.11360000000000003

t:  334 train_err:  0.05359999999999998 test_err:  0.11380000000000001

t:  335 train_err:  0.05459999999999998 test_err:  0.11380000000000001

t:  336 train_err:  0.05379999999999996 test_err:  0.11339999999999995

t:  337 train_err:  0.054200000000000026 test_err:  0.11319999999999997

t:  338 train_err:  0.054200000000000026 test_err:  0.11319999999999997

t:  339 train_err:  0.05479999999999996 test_err:  0.11319999999999997

t:  340 train_err:  0.054400000000000004 test_err:  0.11360000000000003

t:  341 train_err:  0.054200000000000026 test_err:  0.11339999999999995

t:  342 train_err:  0.054200000000000026 test_err:  0.11399999999999999

t:  343 train_err:  0.05400000000000005 test_err:  0.11360000000000003

t:  344 train_err:  0.05379999999999996 test_err:  0.11439999999999995

t:  345 train_err:  0.05400000000000005 test_err:  0.11339999999999995

t:  346 train_err:  0.05379999999999996 test_err:  0.11399999999999999

t:  347 train_err:  0.05400000000000005 test_err:  0.11399999999999999

t:  348 train_err:  0.05300000000000005 test_err:  0.11419999999999997

t:  349 train_err:  0.0534 test_err:  0.11399999999999999

t:  350 train_err:  0.0534 test_err:  0.11439999999999995

t:  351 train_err:  0.05400000000000005 test_err:  0.11419999999999997

t:  352 train_err:  0.05379999999999996 test_err:  0.11419999999999997

t:  353 train_err:  0.05400000000000005 test_err:  0.11380000000000001

t:  354 train_err:  0.05359999999999998 test_err:  0.11380000000000001

t:  355 train_err:  0.054400000000000004 test_err:  0.11380000000000001

t:  356 train_err:  0.05359999999999998 test_err:  0.11419999999999997

t:  357 train_err:  0.05400000000000005 test_err:  0.11399999999999999

t:  358 train_err:  0.0534 test_err:  0.11460000000000004

t:  359 train_err:  0.05379999999999996 test_err:  0.11399999999999999

t:  360 train_err:  0.0534 test_err:  0.11499999999999999

t:  361 train_err:  0.05359999999999998 test_err:  0.11480000000000001

t:  362 train_err:  0.0534 test_err:  0.11460000000000004

t:  363 train_err:  0.05379999999999996 test_err:  0.11439999999999995

t:  364 train_err:  0.053200000000000025 test_err:  0.11439999999999995

t:  365 train_err:  0.05359999999999998 test_err:  0.11399999999999999

t:  366 train_err:  0.053200000000000025 test_err:  0.11439999999999995

t:  367 train_err:  0.05379999999999996 test_err:  0.11380000000000001

t:  368 train_err:  0.053200000000000025 test_err:  0.11439999999999995

t:  369 train_err:  0.05359999999999998 test_err:  0.11419999999999997

t:  370 train_err:  0.053200000000000025 test_err:  0.11480000000000001

t:  371 train_err:  0.0534 test_err:  0.11419999999999997

t:  372 train_err:  0.0534 test_err:  0.11399999999999999

t:  373 train_err:  0.05379999999999996 test_err:  0.11399999999999999

t:  374 train_err:  0.05359999999999998 test_err:  0.11419999999999997

t:  375 train_err:  0.05379999999999996 test_err:  0.11380000000000001

t:  376 train_err:  0.05359999999999998 test_err:  0.11399999999999999

t:  377 train_err:  0.05359999999999998 test_err:  0.11419999999999997

t:  378 train_err:  0.05359999999999998 test_err:  0.11439999999999995

t:  379 train_err:  0.05400000000000005 test_err:  0.11339999999999995

t:  380 train_err:  0.053200000000000025 test_err:  0.11380000000000001

t:  381 train_err:  0.054200000000000026 test_err:  0.11319999999999997

t:  382 train_err:  0.0534 test_err:  0.11399999999999999

t:  383 train_err:  0.05379999999999996 test_err:  0.11339999999999995

t:  384 train_err:  0.05379999999999996 test_err:  0.11360000000000003

t:  385 train_err:  0.05379999999999996 test_err:  0.11380000000000001

t:  386 train_err:  0.053200000000000025 test_err:  0.11399999999999999

t:  387 train_err:  0.05359999999999998 test_err:  0.11380000000000001

t:  388 train_err:  0.05279999999999996 test_err:  0.11460000000000004

t:  389 train_err:  0.0534 test_err:  0.11380000000000001

t:  390 train_err:  0.05300000000000005 test_err:  0.11419999999999997

t:  391 train_err:  0.05359999999999998 test_err:  0.11419999999999997

t:  392 train_err:  0.05300000000000005 test_err:  0.11439999999999995

t:  393 train_err:  0.053200000000000025 test_err:  0.11399999999999999

t:  394 train_err:  0.05300000000000005 test_err:  0.11519999999999997

t:  395 train_err:  0.05300000000000005 test_err:  0.11460000000000004

t:  396 train_err:  0.05279999999999996 test_err:  0.11519999999999997

t:  397 train_err:  0.05300000000000005 test_err:  0.11439999999999995

t:  398 train_err:  0.05259999999999998 test_err:  0.11499999999999999

t:  399 train_err:  0.05300000000000005 test_err:  0.11439999999999995

t:  400 train_err:  0.05259999999999998 test_err:  0.11460000000000004

t:  401 train_err:  0.05279999999999996 test_err:  0.11460000000000004

t:  402 train_err:  0.05259999999999998 test_err:  0.11539999999999995

t:  403 train_err:  0.0534 test_err:  0.11480000000000001

t:  404 train_err:  0.05279999999999996 test_err:  0.11519999999999997

t:  405 train_err:  0.053200000000000025 test_err:  0.11499999999999999

t:  406 train_err:  0.05259999999999998 test_err:  0.11519999999999997

t:  407 train_err:  0.05259999999999998 test_err:  0.11460000000000004

t:  408 train_err:  0.052000000000000046 test_err:  0.11499999999999999

t:  409 train_err:  0.05279999999999996 test_err:  0.11460000000000004

t:  410 train_err:  0.05300000000000005 test_err:  0.11499999999999999

t:  411 train_err:  0.05279999999999996 test_err:  0.11499999999999999

t:  412 train_err:  0.05300000000000005 test_err:  0.11499999999999999

t:  413 train_err:  0.053200000000000025 test_err:  0.11480000000000001

t:  414 train_err:  0.053200000000000025 test_err:  0.11480000000000001

t:  415 train_err:  0.0534 test_err:  0.11460000000000004

t:  416 train_err:  0.0534 test_err:  0.11480000000000001

t:  417 train_err:  0.05379999999999996 test_err:  0.11460000000000004

t:  418 train_err:  0.0534 test_err:  0.11499999999999999

t:  419 train_err:  0.05359999999999998 test_err:  0.11480000000000001

t:  420 train_err:  0.053200000000000025 test_err:  0.11480000000000001

t:  421 train_err:  0.0534 test_err:  0.11439999999999995

t:  422 train_err:  0.053200000000000025 test_err:  0.11499999999999999

t:  423 train_err:  0.0534 test_err:  0.11460000000000004

t:  424 train_err:  0.0534 test_err:  0.11480000000000001

t:  425 train_err:  0.05359999999999998 test_err:  0.11460000000000004

t:  426 train_err:  0.053200000000000025 test_err:  0.11480000000000001

t:  427 train_err:  0.05300000000000005 test_err:  0.11480000000000001

t:  428 train_err:  0.05259999999999998 test_err:  0.11480000000000001

t:  429 train_err:  0.053200000000000025 test_err:  0.11380000000000001

t:  430 train_err:  0.05279999999999996 test_err:  0.11439999999999995

t:  431 train_err:  0.053200000000000025 test_err:  0.11380000000000001

t:  432 train_err:  0.05300000000000005 test_err:  0.11439999999999995

t:  433 train_err:  0.05379999999999996 test_err:  0.11399999999999999

t:  434 train_err:  0.05300000000000005 test_err:  0.11399999999999999

t:  435 train_err:  0.05300000000000005 test_err:  0.11439999999999995

t:  436 train_err:  0.05279999999999996 test_err:  0.11499999999999999

t:  437 train_err:  0.05359999999999998 test_err:  0.11439999999999995

t:  438 train_err:  0.05300000000000005 test_err:  0.11499999999999999

t:  439 train_err:  0.0534 test_err:  0.11460000000000004

t:  440 train_err:  0.053200000000000025 test_err:  0.11480000000000001

t:  441 train_err:  0.05400000000000005 test_err:  0.11460000000000004

t:  442 train_err:  0.05359999999999998 test_err:  0.11460000000000004

t:  443 train_err:  0.054200000000000026 test_err:  0.11460000000000004

t:  444 train_err:  0.05400000000000005 test_err:  0.11480000000000001

t:  445 train_err:  0.05359999999999998 test_err:  0.11439999999999995

t:  446 train_err:  0.05379999999999996 test_err:  0.11519999999999997

t:  447 train_err:  0.05379999999999996 test_err:  0.11460000000000004

t:  448 train_err:  0.05400000000000005 test_err:  0.11480000000000001

t:  449 train_err:  0.05379999999999996 test_err:  0.11460000000000004

t:  450 train_err:  0.05379999999999996 test_err:  0.11519999999999997

t:  451 train_err:  0.054200000000000026 test_err:  0.11480000000000001

t:  452 train_err:  0.05359999999999998 test_err:  0.11480000000000001

t:  453 train_err:  0.054200000000000026 test_err:  0.11439999999999995

t:  454 train_err:  0.0534 test_err:  0.11480000000000001

t:  455 train_err:  0.05379999999999996 test_err:  0.11439999999999995

t:  456 train_err:  0.05359999999999998 test_err:  0.11439999999999995

t:  457 train_err:  0.05400000000000005 test_err:  0.11419999999999997

t:  458 train_err:  0.05379999999999996 test_err:  0.11399999999999999

t:  459 train_err:  0.05379999999999996 test_err:  0.11439999999999995

t:  460 train_err:  0.0534 test_err:  0.11480000000000001

t:  461 train_err:  0.053200000000000025 test_err:  0.11480000000000001

t:  462 train_err:  0.053200000000000025 test_err:  0.11460000000000004

t:  463 train_err:  0.053200000000000025 test_err:  0.11460000000000004

t:  464 train_err:  0.053200000000000025 test_err:  0.11460000000000004

t:  465 train_err:  0.053200000000000025 test_err:  0.11480000000000001

t:  466 train_err:  0.053200000000000025 test_err:  0.11460000000000004

t:  467 train_err:  0.0534 test_err:  0.11480000000000001

t:  468 train_err:  0.05300000000000005 test_err:  0.11480000000000001

t:  469 train_err:  0.053200000000000025 test_err:  0.11480000000000001

t:  470 train_err:  0.05300000000000005 test_err:  0.11480000000000001

t:  471 train_err:  0.05300000000000005 test_err:  0.11480000000000001

t:  472 train_err:  0.05300000000000005 test_err:  0.11480000000000001

t:  473 train_err:  0.05300000000000005 test_err:  0.11480000000000001

t:  474 train_err:  0.05300000000000005 test_err:  0.11480000000000001

t:  475 train_err:  0.05300000000000005 test_err:  0.11480000000000001

t:  476 train_err:  0.05300000000000005 test_err:  0.11480000000000001

t:  477 train_err:  0.05300000000000005 test_err:  0.11480000000000001

t:  478 train_err:  0.05300000000000005 test_err:  0.11460000000000004

t:  479 train_err:  0.053200000000000025 test_err:  0.11419999999999997

t:  480 train_err:  0.05279999999999996 test_err:  0.11460000000000004

t:  481 train_err:  0.05279999999999996 test_err:  0.11460000000000004

t:  482 train_err:  0.05279999999999996 test_err:  0.11460000000000004

t:  483 train_err:  0.05300000000000005 test_err:  0.11460000000000004

t:  484 train_err:  0.05279999999999996 test_err:  0.11460000000000004

t:  485 train_err:  0.05279999999999996 test_err:  0.11480000000000001

t:  486 train_err:  0.05279999999999996 test_err:  0.11460000000000004

t:  487 train_err:  0.05279999999999996 test_err:  0.11460000000000004

t:  488 train_err:  0.05279999999999996 test_err:  0.11499999999999999

t:  489 train_err:  0.05279999999999996 test_err:  0.11480000000000001

t:  490 train_err:  0.05279999999999996 test_err:  0.11499999999999999

t:  491 train_err:  0.053200000000000025 test_err:  0.11480000000000001

t:  492 train_err:  0.0534 test_err:  0.11499999999999999

t:  493 train_err:  0.05359999999999998 test_err:  0.11480000000000001

t:  494 train_err:  0.0534 test_err:  0.11519999999999997

t:  495 train_err:  0.05359999999999998 test_err:  0.11519999999999997

t:  496 train_err:  0.0534 test_err:  0.11519999999999997

t:  497 train_err:  0.05359999999999998 test_err:  0.11499999999999999

t:  498 train_err:  0.0534 test_err:  0.11519999999999997

t:  499 train_err:  0.053200000000000025 test_err:  0.11519999999999997

t:  500 train_err:  0.053200000000000025 test_err:  0.11519999999999997

t:  501 train_err:  0.05359999999999998 test_err:  0.11419999999999997

t:  502 train_err:  0.0534 test_err:  0.11439999999999995

t:  503 train_err:  0.053200000000000025 test_err:  0.11439999999999995

t:  504 train_err:  0.0534 test_err:  0.11439999999999995

t:  505 train_err:  0.05379999999999996 test_err:  0.11439999999999995

t:  506 train_err:  0.05359999999999998 test_err:  0.11439999999999995

t:  507 train_err:  0.05379999999999996 test_err:  0.11419999999999997

t:  508 train_err:  0.0534 test_err:  0.11439999999999995

t:  509 train_err:  0.0534 test_err:  0.11419999999999997

t:  510 train_err:  0.053200000000000025 test_err:  0.11419999999999997

t:  511 train_err:  0.0534 test_err:  0.11439999999999995

t:  512 train_err:  0.0534 test_err:  0.11460000000000004

t:  513 train_err:  0.053200000000000025 test_err:  0.11439999999999995

t:  514 train_err:  0.053200000000000025 test_err:  0.11439999999999995

t:  515 train_err:  0.053200000000000025 test_err:  0.11460000000000004

t:  516 train_err:  0.05300000000000005 test_err:  0.11439999999999995

t:  517 train_err:  0.053200000000000025 test_err:  0.11439999999999995

t:  518 train_err:  0.053200000000000025 test_err:  0.11460000000000004

t:  519 train_err:  0.0534 test_err:  0.11460000000000004

t:  520 train_err:  0.053200000000000025 test_err:  0.11460000000000004

t:  521 train_err:  0.053200000000000025 test_err:  0.11460000000000004

t:  522 train_err:  0.05259999999999998 test_err:  0.11460000000000004

t:  523 train_err:  0.053200000000000025 test_err:  0.11480000000000001

t:  524 train_err:  0.05279999999999996 test_err:  0.11480000000000001

t:  525 train_err:  0.05300000000000005 test_err:  0.11480000000000001

t:  526 train_err:  0.05300000000000005 test_err:  0.11480000000000001

t:  527 train_err:  0.05300000000000005 test_err:  0.11480000000000001

t:  528 train_err:  0.053200000000000025 test_err:  0.11499999999999999

t:  529 train_err:  0.05300000000000005 test_err:  0.11480000000000001

t:  530 train_err:  0.05279999999999996 test_err:  0.11499999999999999

t:  531 train_err:  0.05279999999999996 test_err:  0.11480000000000001

t:  532 train_err:  0.05259999999999998 test_err:  0.11460000000000004

t:  533 train_err:  0.05279999999999996 test_err:  0.11460000000000004

t:  534 train_err:  0.05279999999999996 test_err:  0.11439999999999995

t:  535 train_err:  0.053200000000000025 test_err:  0.11460000000000004

t:  536 train_err:  0.05279999999999996 test_err:  0.11460000000000004

t:  537 train_err:  0.05300000000000005 test_err:  0.11439999999999995

t:  538 train_err:  0.05279999999999996 test_err:  0.11439999999999995

t:  539 train_err:  0.053200000000000025 test_err:  0.11460000000000004

t:  540 train_err:  0.05300000000000005 test_err:  0.11480000000000001

t:  541 train_err:  0.05300000000000005 test_err:  0.11480000000000001

t:  542 train_err:  0.05279999999999996 test_err:  0.11460000000000004

t:  543 train_err:  0.053200000000000025 test_err:  0.11480000000000001

t:  544 train_err:  0.053200000000000025 test_err:  0.11460000000000004

t:  545 train_err:  0.0534 test_err:  0.11480000000000001

t:  546 train_err:  0.0534 test_err:  0.11439999999999995

t:  547 train_err:  0.05359999999999998 test_err:  0.11419999999999997

t:  548 train_err:  0.0534 test_err:  0.11439999999999995

t:  549 train_err:  0.05300000000000005 test_err:  0.11439999999999995

t:  550 train_err:  0.053200000000000025 test_err:  0.11439999999999995

t:  551 train_err:  0.05300000000000005 test_err:  0.11460000000000004

t:  552 train_err:  0.05279999999999996 test_err:  0.11439999999999995

t:  553 train_err:  0.053200000000000025 test_err:  0.11419999999999997

t:  554 train_err:  0.05259999999999998 test_err:  0.11439999999999995

t:  555 train_err:  0.05300000000000005 test_err:  0.11439999999999995

t:  556 train_err:  0.05259999999999998 test_err:  0.11439999999999995

t:  557 train_err:  0.05279999999999996 test_err:  0.11460000000000004

t:  558 train_err:  0.05279999999999996 test_err:  0.11460000000000004

t:  559 train_err:  0.05279999999999996 test_err:  0.11460000000000004

t:  560 train_err:  0.05259999999999998 test_err:  0.11460000000000004

t:  561 train_err:  0.05279999999999996 test_err:  0.11439999999999995

t:  562 train_err:  0.05279999999999996 test_err:  0.11419999999999997

t:  563 train_err:  0.05279999999999996 test_err:  0.11419999999999997

t:  564 train_err:  0.05279999999999996 test_err:  0.11439999999999995

t:  565 train_err:  0.05279999999999996 test_err:  0.11439999999999995

t:  566 train_err:  0.05279999999999996 test_err:  0.11439999999999995

t:  567 train_err:  0.05300000000000005 test_err:  0.11460000000000004

t:  568 train_err:  0.05279999999999996 test_err:  0.11460000000000004

t:  569 train_err:  0.05300000000000005 test_err:  0.11460000000000004

t:  570 train_err:  0.05259999999999998 test_err:  0.11460000000000004

t:  571 train_err:  0.05259999999999998 test_err:  0.11460000000000004

t:  572 train_err:  0.0524 test_err:  0.11460000000000004

t:  573 train_err:  0.0524 test_err:  0.11460000000000004

t:  574 train_err:  0.052200000000000024 test_err:  0.11460000000000004

t:  575 train_err:  0.052200000000000024 test_err:  0.11460000000000004

t:  576 train_err:  0.052200000000000024 test_err:  0.11499999999999999

t:  577 train_err:  0.0524 test_err:  0.11480000000000001

t:  578 train_err:  0.0524 test_err:  0.11519999999999997

t:  579 train_err:  0.05259999999999998 test_err:  0.11480000000000001

t:  580 train_err:  0.0524 test_err:  0.11480000000000001

t:  581 train_err:  0.0524 test_err:  0.11480000000000001

t:  582 train_err:  0.0524 test_err:  0.11480000000000001

t:  583 train_err:  0.05259999999999998 test_err:  0.11480000000000001

t:  584 train_err:  0.052200000000000024 test_err:  0.11499999999999999

t:  585 train_err:  0.052200000000000024 test_err:  0.11499999999999999

t:  586 train_err:  0.052200000000000024 test_err:  0.11480000000000001

t:  587 train_err:  0.052200000000000024 test_err:  0.11460000000000004

t:  588 train_err:  0.052200000000000024 test_err:  0.11460000000000004

t:  589 train_err:  0.052200000000000024 test_err:  0.11460000000000004

t:  590 train_err:  0.052200000000000024 test_err:  0.11460000000000004

t:  591 train_err:  0.052200000000000024 test_err:  0.11460000000000004

t:  592 train_err:  0.052000000000000046 test_err:  0.11460000000000004

t:  593 train_err:  0.052000000000000046 test_err:  0.11460000000000004

t:  594 train_err:  0.052000000000000046 test_err:  0.11460000000000004

t:  595 train_err:  0.052000000000000046 test_err:  0.11460000000000004

t:  596 train_err:  0.052000000000000046 test_err:  0.11460000000000004

t:  597 train_err:  0.052200000000000024 test_err:  0.11460000000000004

t:  598 train_err:  0.052000000000000046 test_err:  0.11460000000000004

t:  599 train_err:  0.052000000000000046 test_err:  0.11460000000000004

t:  600 train_err:  0.052000000000000046 test_err:  0.11480000000000001

t:  601 train_err:  0.052000000000000046 test_err:  0.11460000000000004

t:  602 train_err:  0.052000000000000046 test_err:  0.11480000000000001

t:  603 train_err:  0.052000000000000046 test_err:  0.11460000000000004

t:  604 train_err:  0.05179999999999996 test_err:  0.11460000000000004

t:  605 train_err:  0.052000000000000046 test_err:  0.11460000000000004

t:  606 train_err:  0.052000000000000046 test_err:  0.11460000000000004

t:  607 train_err:  0.052200000000000024 test_err:  0.11460000000000004

t:  608 train_err:  0.052200000000000024 test_err:  0.11460000000000004

t:  609 train_err:  0.052200000000000024 test_err:  0.11460000000000004

t:  610 train_err:  0.052000000000000046 test_err:  0.11480000000000001

t:  611 train_err:  0.052200000000000024 test_err:  0.11460000000000004

t:  612 train_err:  0.052000000000000046 test_err:  0.11460000000000004

t:  613 train_err:  0.052000000000000046 test_err:  0.11460000000000004

t:  614 train_err:  0.05179999999999996 test_err:  0.11480000000000001

t:  615 train_err:  0.052000000000000046 test_err:  0.11480000000000001

t:  616 train_err:  0.05179999999999996 test_err:  0.11480000000000001

t:  617 train_err:  0.05179999999999996 test_err:  0.11480000000000001

t:  618 train_err:  0.05179999999999996 test_err:  0.11480000000000001

t:  619 train_err:  0.052200000000000024 test_err:  0.11480000000000001

t:  620 train_err:  0.052200000000000024 test_err:  0.11480000000000001

t:  621 train_err:  0.0524 test_err:  0.11460000000000004

t:  622 train_err:  0.052200000000000024 test_err:  0.11480000000000001

t:  623 train_err:  0.0524 test_err:  0.11460000000000004

t:  624 train_err:  0.052200000000000024 test_err:  0.11460000000000004

t:  625 train_err:  0.0524 test_err:  0.11460000000000004

t:  626 train_err:  0.052000000000000046 test_err:  0.11480000000000001

t:  627 train_err:  0.0524 test_err:  0.11460000000000004

t:  628 train_err:  0.052000000000000046 test_err:  0.11480000000000001

t:  629 train_err:  0.05259999999999998 test_err:  0.11460000000000004

t:  630 train_err:  0.05259999999999998 test_err:  0.11460000000000004

t:  631 train_err:  0.05300000000000005 test_err:  0.11460000000000004

t:  632 train_err:  0.05259999999999998 test_err:  0.11460000000000004

t:  633 train_err:  0.05300000000000005 test_err:  0.11460000000000004

t:  634 train_err:  0.05279999999999996 test_err:  0.11460000000000004

t:  635 train_err:  0.053200000000000025 test_err:  0.11460000000000004

t:  636 train_err:  0.05300000000000005 test_err:  0.11460000000000004

t:  637 train_err:  0.0534 test_err:  0.11460000000000004

t:  638 train_err:  0.05300000000000005 test_err:  0.11460000000000004

t:  639 train_err:  0.0534 test_err:  0.11460000000000004

t:  640 train_err:  0.05300000000000005 test_err:  0.11460000000000004

t:  641 train_err:  0.0534 test_err:  0.11460000000000004

t:  642 train_err:  0.05300000000000005 test_err:  0.11460000000000004

t:  643 train_err:  0.05279999999999996 test_err:  0.11460000000000004

t:  644 train_err:  0.05259999999999998 test_err:  0.11460000000000004

t:  645 train_err:  0.05279999999999996 test_err:  0.11419999999999997

t:  646 train_err:  0.0524 test_err:  0.11480000000000001

t:  647 train_err:  0.0524 test_err:  0.11480000000000001

t:  648 train_err:  0.0524 test_err:  0.11480000000000001

t:  649 train_err:  0.05259999999999998 test_err:  0.11480000000000001

t:  650 train_err:  0.0524 test_err:  0.11480000000000001

t:  651 train_err:  0.05279999999999996 test_err:  0.11460000000000004

t:  652 train_err:  0.05259999999999998 test_err:  0.11480000000000001

t:  653 train_err:  0.05259999999999998 test_err:  0.11480000000000001

t:  654 train_err:  0.05259999999999998 test_err:  0.11499999999999999

t:  655 train_err:  0.05279999999999996 test_err:  0.11480000000000001

t:  656 train_err:  0.05279999999999996 test_err:  0.11480000000000001

t:  657 train_err:  0.05300000000000005 test_err:  0.11480000000000001

t:  658 train_err:  0.05279999999999996 test_err:  0.11480000000000001

t:  659 train_err:  0.05279999999999996 test_err:  0.11480000000000001

t:  660 train_err:  0.05259999999999998 test_err:  0.11480000000000001

t:  661 train_err:  0.05300000000000005 test_err:  0.11480000000000001

t:  662 train_err:  0.05279999999999996 test_err:  0.11460000000000004

t:  663 train_err:  0.05300000000000005 test_err:  0.11480000000000001

t:  664 train_err:  0.05259999999999998 test_err:  0.11460000000000004

t:  665 train_err:  0.05279999999999996 test_err:  0.11480000000000001

t:  666 train_err:  0.0524 test_err:  0.11480000000000001

t:  667 train_err:  0.05259999999999998 test_err:  0.11480000000000001

t:  668 train_err:  0.0524 test_err:  0.11499999999999999

t:  669 train_err:  0.05259999999999998 test_err:  0.11499999999999999

t:  670 train_err:  0.0524 test_err:  0.11519999999999997

t:  671 train_err:  0.052200000000000024 test_err:  0.11499999999999999

t:  672 train_err:  0.052200000000000024 test_err:  0.11499999999999999

t:  673 train_err:  0.0524 test_err:  0.11499999999999999

t:  674 train_err:  0.052200000000000024 test_err:  0.11480000000000001

t:  675 train_err:  0.0524 test_err:  0.11499999999999999

t:  676 train_err:  0.052200000000000024 test_err:  0.11519999999999997

t:  677 train_err:  0.05259999999999998 test_err:  0.11480000000000001

t:  678 train_err:  0.052200000000000024 test_err:  0.11519999999999997

t:  679 train_err:  0.052200000000000024 test_err:  0.11519999999999997

t:  680 train_err:  0.05179999999999996 test_err:  0.11499999999999999

t:  681 train_err:  0.052200000000000024 test_err:  0.11519999999999997

t:  682 train_err:  0.052000000000000046 test_err:  0.11519999999999997

t:  683 train_err:  0.052000000000000046 test_err:  0.11519999999999997

t:  684 train_err:  0.052000000000000046 test_err:  0.11519999999999997

t:  685 train_err:  0.052000000000000046 test_err:  0.11499999999999999

t:  686 train_err:  0.052000000000000046 test_err:  0.11499999999999999

t:  687 train_err:  0.052200000000000024 test_err:  0.11460000000000004

t:  688 train_err:  0.05159999999999998 test_err:  0.11499999999999999

t:  689 train_err:  0.052200000000000024 test_err:  0.11499999999999999

t:  690 train_err:  0.05179999999999996 test_err:  0.11499999999999999

t:  691 train_err:  0.0524 test_err:  0.11499999999999999

t:  692 train_err:  0.0524 test_err:  0.11499999999999999

t:  693 train_err:  0.05279999999999996 test_err:  0.11480000000000001

t:  694 train_err:  0.052200000000000024 test_err:  0.11499999999999999

t:  695 train_err:  0.05279999999999996 test_err:  0.11480000000000001

t:  696 train_err:  0.05279999999999996 test_err:  0.11480000000000001

t:  697 train_err:  0.05279999999999996 test_err:  0.11460000000000004

t:  698 train_err:  0.052200000000000024 test_err:  0.11460000000000004

t:  699 train_err:  0.05259999999999998 test_err:  0.11460000000000004

t:  700 train_err:  0.0524 test_err:  0.11439999999999995

t:  701 train_err:  0.0524 test_err:  0.11419999999999997

t:  702 train_err:  0.0524 test_err:  0.11439999999999995

t:  703 train_err:  0.05259999999999998 test_err:  0.11419999999999997

t:  704 train_err:  0.05279999999999996 test_err:  0.11460000000000004

t:  705 train_err:  0.05259999999999998 test_err:  0.11439999999999995

t:  706 train_err:  0.05259999999999998 test_err:  0.11460000000000004

t:  707 train_err:  0.05300000000000005 test_err:  0.11460000000000004

t:  708 train_err:  0.05300000000000005 test_err:  0.11460000000000004

t:  709 train_err:  0.05300000000000005 test_err:  0.11460000000000004

t:  710 train_err:  0.05279999999999996 test_err:  0.11460000000000004

t:  711 train_err:  0.05300000000000005 test_err:  0.11439999999999995

t:  712 train_err:  0.05259999999999998 test_err:  0.11460000000000004

t:  713 train_err:  0.05279999999999996 test_err:  0.11460000000000004

t:  714 train_err:  0.05279999999999996 test_err:  0.11460000000000004

t:  715 train_err:  0.053200000000000025 test_err:  0.11460000000000004

t:  716 train_err:  0.05279999999999996 test_err:  0.11460000000000004

t:  717 train_err:  0.053200000000000025 test_err:  0.11439999999999995

t:  718 train_err:  0.05259999999999998 test_err:  0.11419999999999997

t:  719 train_err:  0.05279999999999996 test_err:  0.11399999999999999

t:  720 train_err:  0.0524 test_err:  0.11399999999999999

t:  721 train_err:  0.05279999999999996 test_err:  0.11399999999999999

t:  722 train_err:  0.05259999999999998 test_err:  0.11419999999999997

t:  723 train_err:  0.05279999999999996 test_err:  0.11399999999999999

t:  724 train_err:  0.05259999999999998 test_err:  0.11399999999999999

t:  725 train_err:  0.05259999999999998 test_err:  0.11399999999999999

t:  726 train_err:  0.052000000000000046 test_err:  0.11419999999999997

t:  727 train_err:  0.0524 test_err:  0.11439999999999995

t:  728 train_err:  0.052200000000000024 test_err:  0.11439999999999995

t:  729 train_err:  0.0524 test_err:  0.11460000000000004

t:  730 train_err:  0.052000000000000046 test_err:  0.11460000000000004

t:  731 train_err:  0.0524 test_err:  0.11460000000000004

t:  732 train_err:  0.052000000000000046 test_err:  0.11460000000000004

t:  733 train_err:  0.052000000000000046 test_err:  0.11460000000000004

t:  734 train_err:  0.052000000000000046 test_err:  0.11439999999999995

t:  735 train_err:  0.052200000000000024 test_err:  0.11439999999999995

t:  736 train_err:  0.052000000000000046 test_err:  0.11419999999999997

t:  737 train_err:  0.05259999999999998 test_err:  0.11439999999999995

t:  738 train_err:  0.0524 test_err:  0.11460000000000004

t:  739 train_err:  0.05259999999999998 test_err:  0.11419999999999997

t:  740 train_err:  0.052200000000000024 test_err:  0.11439999999999995

t:  741 train_err:  0.0524 test_err:  0.11419999999999997

t:  742 train_err:  0.052200000000000024 test_err:  0.11439999999999995

t:  743 train_err:  0.0524 test_err:  0.11439999999999995

t:  744 train_err:  0.0524 test_err:  0.11460000000000004

t:  745 train_err:  0.0524 test_err:  0.11419999999999997

t:  746 train_err:  0.0524 test_err:  0.11419999999999997

t:  747 train_err:  0.0524 test_err:  0.11419999999999997

t:  748 train_err:  0.0524 test_err:  0.11439999999999995

t:  749 train_err:  0.0524 test_err:  0.11439999999999995

t:  750 train_err:  0.0524 test_err:  0.11460000000000004

t:  751 train_err:  0.0524 test_err:  0.11460000000000004

t:  752 train_err:  0.0524 test_err:  0.11480000000000001

t:  753 train_err:  0.0524 test_err:  0.11439999999999995

t:  754 train_err:  0.0524 test_err:  0.11439999999999995

t:  755 train_err:  0.0524 test_err:  0.11439999999999995

t:  756 train_err:  0.0524 test_err:  0.11460000000000004

t:  757 train_err:  0.0524 test_err:  0.11439999999999995

t:  758 train_err:  0.0524 test_err:  0.11439999999999995

t:  759 train_err:  0.0524 test_err:  0.11460000000000004

t:  760 train_err:  0.0524 test_err:  0.11460000000000004

t:  761 train_err:  0.0524 test_err:  0.11460000000000004

t:  762 train_err:  0.052200000000000024 test_err:  0.11460000000000004

t:  763 train_err:  0.052200000000000024 test_err:  0.11480000000000001

t:  764 train_err:  0.052000000000000046 test_err:  0.11480000000000001

t:  765 train_err:  0.0524 test_err:  0.11460000000000004

t:  766 train_err:  0.052000000000000046 test_err:  0.11460000000000004

t:  767 train_err:  0.0524 test_err:  0.11439999999999995

t:  768 train_err:  0.0524 test_err:  0.11439999999999995

t:  769 train_err:  0.0524 test_err:  0.11460000000000004

t:  770 train_err:  0.0524 test_err:  0.11460000000000004

t:  771 train_err:  0.0524 test_err:  0.11460000000000004

t:  772 train_err:  0.0524 test_err:  0.11460000000000004

t:  773 train_err:  0.0524 test_err:  0.11480000000000001

t:  774 train_err:  0.0524 test_err:  0.11480000000000001

t:  775 train_err:  0.0524 test_err:  0.11480000000000001

t:  776 train_err:  0.05279999999999996 test_err:  0.11480000000000001

t:  777 train_err:  0.05279999999999996 test_err:  0.11480000000000001

t:  778 train_err:  0.05279999999999996 test_err:  0.11480000000000001

t:  779 train_err:  0.05259999999999998 test_err:  0.11480000000000001

t:  780 train_err:  0.05259999999999998 test_err:  0.11480000000000001

t:  781 train_err:  0.05259999999999998 test_err:  0.11480000000000001

t:  782 train_err:  0.05279999999999996 test_err:  0.11480000000000001

t:  783 train_err:  0.05279999999999996 test_err:  0.11480000000000001

t:  784 train_err:  0.05279999999999996 test_err:  0.11480000000000001

t:  785 train_err:  0.05279999999999996 test_err:  0.11460000000000004

t:  786 train_err:  0.05300000000000005 test_err:  0.11499999999999999

t:  787 train_err:  0.05279999999999996 test_err:  0.11480000000000001

t:  788 train_err:  0.05300000000000005 test_err:  0.11499999999999999

t:  789 train_err:  0.05300000000000005 test_err:  0.11480000000000001

t:  790 train_err:  0.05300000000000005 test_err:  0.11499999999999999

t:  791 train_err:  0.05259999999999998 test_err:  0.11499999999999999

t:  792 train_err:  0.05279999999999996 test_err:  0.11499999999999999

t:  793 train_err:  0.05259999999999998 test_err:  0.11499999999999999

t:  794 train_err:  0.05279999999999996 test_err:  0.11519999999999997

t:  795 train_err:  0.05259999999999998 test_err:  0.11499999999999999

t:  796 train_err:  0.05279999999999996 test_err:  0.11499999999999999

t:  797 train_err:  0.05300000000000005 test_err:  0.11499999999999999

t:  798 train_err:  0.05300000000000005 test_err:  0.11499999999999999

t:  799 train_err:  0.05279999999999996 test_err:  0.11499999999999999

t:  800 train_err:  0.05279999999999996 test_err:  0.11499999999999999

t:  801 train_err:  0.05279999999999996 test_err:  0.11499999999999999

t:  802 train_err:  0.05279999999999996 test_err:  0.11499999999999999

t:  803 train_err:  0.05259999999999998 test_err:  0.11499999999999999

t:  804 train_err:  0.05259999999999998 test_err:  0.11519999999999997

t:  805 train_err:  0.05259999999999998 test_err:  0.11519999999999997

t:  806 train_err:  0.05259999999999998 test_err:  0.11519999999999997

t:  807 train_err:  0.05259999999999998 test_err:  0.11499999999999999

t:  808 train_err:  0.05259999999999998 test_err:  0.11519999999999997

t:  809 train_err:  0.05259999999999998 test_err:  0.11499999999999999

t:  810 train_err:  0.05259999999999998 test_err:  0.11519999999999997

t:  811 train_err:  0.05259999999999998 test_err:  0.11499999999999999

t:  812 train_err:  0.0524 test_err:  0.11519999999999997

t:  813 train_err:  0.0524 test_err:  0.11499999999999999

t:  814 train_err:  0.0524 test_err:  0.11480000000000001

t:  815 train_err:  0.0524 test_err:  0.11499999999999999

t:  816 train_err:  0.0524 test_err:  0.11499999999999999

t:  817 train_err:  0.05259999999999998 test_err:  0.11480000000000001

t:  818 train_err:  0.05259999999999998 test_err:  0.11499999999999999

t:  819 train_err:  0.05259999999999998 test_err:  0.11519999999999997

t:  820 train_err:  0.05259999999999998 test_err:  0.11499999999999999

t:  821 train_err:  0.05279999999999996 test_err:  0.11499999999999999

t:  822 train_err:  0.05259999999999998 test_err:  0.11499999999999999

t:  823 train_err:  0.05259999999999998 test_err:  0.11480000000000001

t:  824 train_err:  0.05259999999999998 test_err:  0.11480000000000001

t:  825 train_err:  0.05259999999999998 test_err:  0.11480000000000001

t:  826 train_err:  0.05259999999999998 test_err:  0.11499999999999999

t:  827 train_err:  0.05259999999999998 test_err:  0.11499999999999999

t:  828 train_err:  0.05259999999999998 test_err:  0.11499999999999999

t:  829 train_err:  0.05259999999999998 test_err:  0.11499999999999999

t:  830 train_err:  0.05259999999999998 test_err:  0.11499999999999999

t:  831 train_err:  0.05259999999999998 test_err:  0.11499999999999999

t:  832 train_err:  0.05259999999999998 test_err:  0.11499999999999999

t:  833 train_err:  0.05259999999999998 test_err:  0.11499999999999999

t:  834 train_err:  0.052200000000000024 test_err:  0.11499999999999999

t:  835 train_err:  0.0524 test_err:  0.11499999999999999

t:  836 train_err:  0.052000000000000046 test_err:  0.11519999999999997

t:  837 train_err:  0.052200000000000024 test_err:  0.11519999999999997

t:  838 train_err:  0.052200000000000024 test_err:  0.11519999999999997

t:  839 train_err:  0.052000000000000046 test_err:  0.11519999999999997

t:  840 train_err:  0.052000000000000046 test_err:  0.11519999999999997

t:  841 train_err:  0.052000000000000046 test_err:  0.11519999999999997

t:  842 train_err:  0.052200000000000024 test_err:  0.11519999999999997

t:  843 train_err:  0.052200000000000024 test_err:  0.11519999999999997

t:  844 train_err:  0.052000000000000046 test_err:  0.11519999999999997

t:  845 train_err:  0.052000000000000046 test_err:  0.11519999999999997

t:  846 train_err:  0.052200000000000024 test_err:  0.11499999999999999

t:  847 train_err:  0.052200000000000024 test_err:  0.11519999999999997

t:  848 train_err:  0.052200000000000024 test_err:  0.11519999999999997

t:  849 train_err:  0.052200000000000024 test_err:  0.11519999999999997

t:  850 train_err:  0.0524 test_err:  0.11519999999999997

t:  851 train_err:  0.052200000000000024 test_err:  0.11499999999999999

t:  852 train_err:  0.052200000000000024 test_err:  0.11519999999999997

t:  853 train_err:  0.052200000000000024 test_err:  0.11519999999999997

t:  854 train_err:  0.052000000000000046 test_err:  0.11519999999999997

t:  855 train_err:  0.052000000000000046 test_err:  0.11519999999999997

t:  856 train_err:  0.05179999999999996 test_err:  0.11519999999999997

t:  857 train_err:  0.05179999999999996 test_err:  0.11519999999999997

t:  858 train_err:  0.05159999999999998 test_err:  0.11519999999999997

t:  859 train_err:  0.05179999999999996 test_err:  0.11539999999999995

t:  860 train_err:  0.05179999999999996 test_err:  0.11539999999999995

t:  861 train_err:  0.05179999999999996 test_err:  0.11539999999999995

t:  862 train_err:  0.052000000000000046 test_err:  0.11539999999999995

t:  863 train_err:  0.05179999999999996 test_err:  0.11539999999999995

t:  864 train_err:  0.05179999999999996 test_err:  0.11539999999999995

t:  865 train_err:  0.05179999999999996 test_err:  0.11539999999999995

t:  866 train_err:  0.05179999999999996 test_err:  0.11539999999999995

t:  867 train_err:  0.052000000000000046 test_err:  0.11539999999999995

t:  868 train_err:  0.05179999999999996 test_err:  0.11539999999999995

t:  869 train_err:  0.05179999999999996 test_err:  0.11539999999999995

t:  870 train_err:  0.05159999999999998 test_err:  0.11539999999999995

t:  871 train_err:  0.05159999999999998 test_err:  0.11539999999999995

t:  872 train_err:  0.05159999999999998 test_err:  0.11539999999999995

t:  873 train_err:  0.05159999999999998 test_err:  0.11519999999999997

t:  874 train_err:  0.05159999999999998 test_err:  0.11539999999999995

t:  875 train_err:  0.05159999999999998 test_err:  0.11539999999999995

t:  876 train_err:  0.05159999999999998 test_err:  0.11539999999999995

t:  877 train_err:  0.05179999999999996 test_err:  0.11519999999999997

t:  878 train_err:  0.05179999999999996 test_err:  0.11519999999999997

t:  879 train_err:  0.05179999999999996 test_err:  0.11519999999999997

t:  880 train_err:  0.05179999999999996 test_err:  0.11519999999999997

t:  881 train_err:  0.05179999999999996 test_err:  0.11519999999999997

t:  882 train_err:  0.05179999999999996 test_err:  0.11519999999999997

t:  883 train_err:  0.05179999999999996 test_err:  0.11499999999999999

t:  884 train_err:  0.052000000000000046 test_err:  0.11519999999999997

t:  885 train_err:  0.052000000000000046 test_err:  0.11499999999999999

t:  886 train_err:  0.052000000000000046 test_err:  0.11519999999999997

t:  887 train_err:  0.05179999999999996 test_err:  0.11519999999999997

t:  888 train_err:  0.052000000000000046 test_err:  0.11519999999999997

t:  889 train_err:  0.052000000000000046 test_err:  0.11519999999999997

t:  890 train_err:  0.05179999999999996 test_err:  0.11519999999999997

t:  891 train_err:  0.05159999999999998 test_err:  0.11519999999999997

t:  892 train_err:  0.05179999999999996 test_err:  0.11539999999999995

t:  893 train_err:  0.05159999999999998 test_err:  0.11539999999999995

t:  894 train_err:  0.05179999999999996 test_err:  0.11539999999999995

t:  895 train_err:  0.05179999999999996 test_err:  0.11560000000000004

t:  896 train_err:  0.05179999999999996 test_err:  0.11560000000000004

t:  897 train_err:  0.05179999999999996 test_err:  0.11560000000000004

t:  898 train_err:  0.05179999999999996 test_err:  0.11560000000000004

t:  899 train_err:  0.052000000000000046 test_err:  0.11560000000000004

t:  900 train_err:  0.052000000000000046 test_err:  0.11560000000000004

t:  901 train_err:  0.052200000000000024 test_err:  0.11560000000000004

t:  902 train_err:  0.052200000000000024 test_err:  0.11539999999999995

t:  903 train_err:  0.0524 test_err:  0.11539999999999995

t:  904 train_err:  0.052000000000000046 test_err:  0.11539999999999995

t:  905 train_err:  0.052000000000000046 test_err:  0.11560000000000004

t:  906 train_err:  0.052000000000000046 test_err:  0.11539999999999995

t:  907 train_err:  0.052200000000000024 test_err:  0.11539999999999995

t:  908 train_err:  0.052000000000000046 test_err:  0.11539999999999995

t:  909 train_err:  0.052200000000000024 test_err:  0.11519999999999997

t:  910 train_err:  0.052000000000000046 test_err:  0.11519999999999997

t:  911 train_err:  0.052200000000000024 test_err:  0.11539999999999995

t:  912 train_err:  0.052000000000000046 test_err:  0.11519999999999997

t:  913 train_err:  0.052000000000000046 test_err:  0.11519999999999997

t:  914 train_err:  0.052200000000000024 test_err:  0.11519999999999997

t:  915 train_err:  0.0524 test_err:  0.11539999999999995

t:  916 train_err:  0.0524 test_err:  0.11519999999999997

t:  917 train_err:  0.0524 test_err:  0.11519999999999997

t:  918 train_err:  0.052200000000000024 test_err:  0.11519999999999997

t:  919 train_err:  0.052200000000000024 test_err:  0.11539999999999995

t:  920 train_err:  0.052200000000000024 test_err:  0.11539999999999995

t:  921 train_err:  0.052200000000000024 test_err:  0.11539999999999995

t:  922 train_err:  0.0524 test_err:  0.11539999999999995

t:  923 train_err:  0.052200000000000024 test_err:  0.11539999999999995

t:  924 train_err:  0.052200000000000024 test_err:  0.11560000000000004

t:  925 train_err:  0.0524 test_err:  0.11560000000000004

t:  926 train_err:  0.0524 test_err:  0.11560000000000004

t:  927 train_err:  0.05259999999999998 test_err:  0.11539999999999995

t:  928 train_err:  0.05259999999999998 test_err:  0.11539999999999995

t:  929 train_err:  0.052200000000000024 test_err:  0.11519999999999997

t:  930 train_err:  0.052200000000000024 test_err:  0.11499999999999999

t:  931 train_err:  0.052200000000000024 test_err:  0.11499999999999999

t:  932 train_err:  0.052200000000000024 test_err:  0.11499999999999999

t:  933 train_err:  0.0524 test_err:  0.11519999999999997

t:  934 train_err:  0.05259999999999998 test_err:  0.11519999999999997

t:  935 train_err:  0.05279999999999996 test_err:  0.11519999999999997

t:  936 train_err:  0.05259999999999998 test_err:  0.11519999999999997

t:  937 train_err:  0.05259999999999998 test_err:  0.11519999999999997

t:  938 train_err:  0.05259999999999998 test_err:  0.11519999999999997

t:  939 train_err:  0.05259999999999998 test_err:  0.11539999999999995

t:  940 train_err:  0.05259999999999998 test_err:  0.11539999999999995

t:  941 train_err:  0.05259999999999998 test_err:  0.11539999999999995

t:  942 train_err:  0.05259999999999998 test_err:  0.11539999999999995

t:  943 train_err:  0.05259999999999998 test_err:  0.11539999999999995

t:  944 train_err:  0.05259999999999998 test_err:  0.11539999999999995

t:  945 train_err:  0.05259999999999998 test_err:  0.11539999999999995

t:  946 train_err:  0.05259999999999998 test_err:  0.11539999999999995

t:  947 train_err:  0.05259999999999998 test_err:  0.11539999999999995

t:  948 train_err:  0.05259999999999998 test_err:  0.11539999999999995

t:  949 train_err:  0.05279999999999996 test_err:  0.11519999999999997

t:  950 train_err:  0.05259999999999998 test_err:  0.11560000000000004

t:  951 train_err:  0.05259999999999998 test_err:  0.11519999999999997

t:  952 train_err:  0.05259999999999998 test_err:  0.11519999999999997

t:  953 train_err:  0.05259999999999998 test_err:  0.11499999999999999

t:  954 train_err:  0.0524 test_err:  0.11499999999999999

t:  955 train_err:  0.05259999999999998 test_err:  0.11480000000000001

t:  956 train_err:  0.05259999999999998 test_err:  0.11499999999999999

t:  957 train_err:  0.05259999999999998 test_err:  0.11499999999999999

t:  958 train_err:  0.05259999999999998 test_err:  0.11499999999999999

t:  959 train_err:  0.0524 test_err:  0.11480000000000001

t:  960 train_err:  0.05279999999999996 test_err:  0.11499999999999999

t:  961 train_err:  0.05279999999999996 test_err:  0.11480000000000001

t:  962 train_err:  0.05279999999999996 test_err:  0.11499999999999999

t:  963 train_err:  0.05279999999999996 test_err:  0.11480000000000001

t:  964 train_err:  0.0524 test_err:  0.11499999999999999

t:  965 train_err:  0.05259999999999998 test_err:  0.11499999999999999

t:  966 train_err:  0.05259999999999998 test_err:  0.11519999999999997

t:  967 train_err:  0.05279999999999996 test_err:  0.11499999999999999

t:  968 train_err:  0.05259999999999998 test_err:  0.11499999999999999

t:  969 train_err:  0.05300000000000005 test_err:  0.11480000000000001

t:  970 train_err:  0.05279999999999996 test_err:  0.11460000000000004

t:  971 train_err:  0.05300000000000005 test_err:  0.11439999999999995

t:  972 train_err:  0.05259999999999998 test_err:  0.11439999999999995

t:  973 train_err:  0.05259999999999998 test_err:  0.11439999999999995

t:  974 train_err:  0.05259999999999998 test_err:  0.11419999999999997

t:  975 train_err:  0.05259999999999998 test_err:  0.11399999999999999

t:  976 train_err:  0.05259999999999998 test_err:  0.11419999999999997

t:  977 train_err:  0.05259999999999998 test_err:  0.11419999999999997

t:  978 train_err:  0.05259999999999998 test_err:  0.11419999999999997

t:  979 train_err:  0.05300000000000005 test_err:  0.11419999999999997

t:  980 train_err:  0.05279999999999996 test_err:  0.11419999999999997

t:  981 train_err:  0.05300000000000005 test_err:  0.11399999999999999

t:  982 train_err:  0.0524 test_err:  0.11419999999999997

t:  983 train_err:  0.05279999999999996 test_err:  0.11399999999999999

t:  984 train_err:  0.052200000000000024 test_err:  0.11439999999999995

t:  985 train_err:  0.05300000000000005 test_err:  0.11419999999999997

t:  986 train_err:  0.0524 test_err:  0.11460000000000004

t:  987 train_err:  0.0524 test_err:  0.11439999999999995

t:  988 train_err:  0.05259999999999998 test_err:  0.11460000000000004

t:  989 train_err:  0.05259999999999998 test_err:  0.11419999999999997

t:  990 train_err:  0.0524 test_err:  0.11439999999999995

t:  991 train_err:  0.05279999999999996 test_err:  0.11399999999999999

t:  992 train_err:  0.052200000000000024 test_err:  0.11439999999999995

t:  993 train_err:  0.05279999999999996 test_err:  0.11419999999999997

t:  994 train_err:  0.05300000000000005 test_err:  0.11439999999999995

t:  995 train_err:  0.05279999999999996 test_err:  0.11380000000000001

t:  996 train_err:  0.0524 test_err:  0.11439999999999995

t:  997 train_err:  0.05259999999999998 test_err:  0.11439999999999995

t:  998 train_err:  0.052200000000000024 test_err:  0.11419999999999997

t:  999 train_err:  0.0524 test_err:  0.11439999999999995
