iter:  0 t:  0
iter:  0 t:  1
iter:  0 t:  2
iter:  0 t:  3
iter:  0 t:  4
iter:  0 t:  5
iter:  0 t:  6
iter:  0 t:  7
iter:  0 t:  8
iter:  0 t:  9
iter:  0 t:  10
iter:  0 t:  11
iter:  0 t:  12
iter:  0 t:  13
iter:  0 t:  14
iter:  0 t:  15
iter:  0 t:  16
iter:  0 t:  17
iter:  0 t:  18
iter:  0 t:  19
iter:  0 t:  20
iter:  0 t:  21
iter:  0 t:  22
iter:  0 t:  23
iter:  0 t:  24
iter:  0 t:  25
iter:  0 t:  26
iter:  0 t:  27
iter:  0 t:  28
iter:  0 t:  29
iter:  0 t:  30
iter:  0 t:  31
iter:  0 t:  32
iter:  0 t:  33
iter:  0 t:  34
iter:  0 t:  35
iter:  0 t:  36
iter:  0 t:  37
iter:  0 t:  38
iter:  0 t:  39
iter:  0 t:  40
iter:  0 t:  41
iter:  0 t:  42
iter:  0 t:  43
iter:  0 t:  44
iter:  0 t:  45
iter:  0 t:  46
iter:  0 t:  47
iter:  0 t:  48
iter:  0 t:  49
iter:  0 t:  50
iter:  0 t:  51
iter:  0 t:  52
iter:  0 t:  53
iter:  0 t:  54
iter:  0 t:  55
iter:  0 t:  56
iter:  0 t:  57
iter:  0 t:  58
iter:  0 t:  59
iter:  0 t:  60
iter:  0 t:  61
iter:  0 t:  62
iter:  0 t:  63
iter:  0 t:  64
iter:  0 t:  65
iter:  0 t:  66
iter:  0 t:  67
iter:  0 t:  68
iter:  0 t:  69
iter:  0 t:  70
iter:  0 t:  71
iter:  0 t:  72
iter:  0 t:  73
iter:  0 t:  74
iter:  0 t:  75
iter:  0 t:  76
iter:  0 t:  77
iter:  0 t:  78
iter:  0 t:  79
iter:  0 t:  80
iter:  0 t:  81
iter:  0 t:  82
iter:  0 t:  83
iter:  0 t:  84
iter:  0 t:  85
iter:  0 t:  86
iter:  0 t:  87
iter:  0 t:  88
iter:  0 t:  89
iter:  0 t:  90
iter:  0 t:  91
iter:  0 t:  92
iter:  0 t:  93
iter:  0 t:  94
iter:  0 t:  95
iter:  0 t:  96
iter:  0 t:  97
iter:  0 t:  98
iter:  0 t:  99
iter:  0 t:  100
iter:  0 t:  101
iter:  0 t:  102
iter:  0 t:  103
iter:  0 t:  104
iter:  0 t:  105
iter:  0 t:  106
iter:  0 t:  107
iter:  0 t:  108
iter:  0 t:  109
iter:  0 t:  110
iter:  0 t:  111
iter:  0 t:  112
iter:  0 t:  113
iter:  0 t:  114
iter:  0 t:  115
iter:  0 t:  116
iter:  0 t:  117
iter:  0 t:  118
iter:  0 t:  119
iter:  0 t:  120
iter:  0 t:  121
iter:  0 t:  122
iter:  0 t:  123
iter:  0 t:  124
iter:  0 t:  125
iter:  0 t:  126
iter:  0 t:  127
iter:  0 t:  128
iter:  0 t:  129
iter:  0 t:  130
iter:  0 t:  131
iter:  0 t:  132
iter:  0 t:  133
iter:  0 t:  134
iter:  0 t:  135
iter:  0 t:  136
iter:  0 t:  137
iter:  0 t:  138
iter:  0 t:  139
iter:  0 t:  140
iter:  0 t:  141
iter:  0 t:  142
iter:  0 t:  143
iter:  0 t:  144
iter:  0 t:  145
iter:  0 t:  146
iter:  0 t:  147
iter:  0 t:  148
iter:  0 t:  149
iter:  0 t:  150
iter:  0 t:  151
iter:  0 t:  152
iter:  0 t:  153
iter:  0 t:  154
iter:  0 t:  155
iter:  0 t:  156
iter:  0 t:  157
iter:  0 t:  158
iter:  0 t:  159
iter:  0 t:  160
iter:  0 t:  161
iter:  0 t:  162
iter:  0 t:  163
iter:  0 t:  164
iter:  0 t:  165
iter:  0 t:  166
iter:  0 t:  167
iter:  0 t:  168
iter:  0 t:  169
iter:  0 t:  170
iter:  0 t:  171
iter:  0 t:  172
iter:  0 t:  173
iter:  0 t:  174
iter:  0 t:  175
iter:  0 t:  176
iter:  0 t:  177
iter:  0 t:  178
iter:  0 t:  179
iter:  0 t:  180
iter:  0 t:  181
iter:  0 t:  182
iter:  0 t:  183
iter:  0 t:  184
iter:  0 t:  185
